<?xml version="1.0" encoding="UTF-8"?>
<!-- Generated by org.testng.reporters.JUnitReportReporter -->
<testsuite skipped="0" hostname="Dell-PC" name="deltaXProject.testCases.RegistrationPageTestSuite" tests="1" failures="0" timestamp="11 Jul 2018 00:13:38 GMT" time="7.444" errors="0">
  <testcase name="verifyEmail" time="7.444" classname="deltaXProject.testCases.RegistrationPageTestSuite"/>
</testsuite> <!-- deltaXProject.testCases.RegistrationPageTestSuite -->
